<?xml version="1.0" encoding="UTF-8"?>
<testng-results ignored="0" total="3" passed="3" failed="0" skipped="0">
  <reporter-output>
  </reporter-output>
  <suite started-at="2023-07-30T19:09:47 IST" name="Default suite" finished-at="2023-07-30T19:10:20 IST" duration-ms="33610">
    <groups>
    </groups>
    <test started-at="2023-07-30T19:09:47 IST" name="Default test" finished-at="2023-07-30T19:10:20 IST" duration-ms="33610">
      <class name="Login.YahooDataDriven.TestYahoo">
        <test-method is-config="true" signature="setup()[pri:0, instance:Login.YahooDataDriven.TestYahoo@35e2d654]" started-at="2023-07-30T19:09:47 IST" name="setup" finished-at="2023-07-30T19:09:50 IST" duration-ms="3677" status="PASS">
          <reporter-output>
          </reporter-output>
        </test-method> <!-- setup -->
        <test-method signature="Con()[pri:0, instance:Login.YahooDataDriven.TestYahoo@35e2d654]" started-at="2023-07-30T19:09:50 IST" name="Con" finished-at="2023-07-30T19:09:53 IST" duration-ms="2183" status="PASS">
          <reporter-output>
          </reporter-output>
        </test-method> <!-- Con -->
        <test-method signature="Login()[pri:0, instance:Login.YahooDataDriven.TestYahoo@35e2d654]" started-at="2023-07-30T19:09:53 IST" name="Login" finished-at="2023-07-30T19:10:00 IST" duration-ms="7573" status="PASS">
          <reporter-output>
          </reporter-output>
        </test-method> <!-- Login -->
        <test-method signature="SC()[pri:0, instance:Login.YahooDataDriven.TestYahoo@35e2d654]" started-at="2023-07-30T19:10:00 IST" name="SC" finished-at="2023-07-30T19:10:20 IST" duration-ms="19587" status="PASS">
          <reporter-output>
          </reporter-output>
        </test-method> <!-- SC -->
        <test-method is-config="true" signature="exit()[pri:0, instance:Login.YahooDataDriven.TestYahoo@35e2d654]" started-at="2023-07-30T19:10:20 IST" name="exit" finished-at="2023-07-30T19:10:20 IST" duration-ms="496" status="PASS">
          <reporter-output>
          </reporter-output>
        </test-method> <!-- exit -->
      </class> <!-- Login.YahooDataDriven.TestYahoo -->
    </test> <!-- Default test -->
  </suite> <!-- Default suite -->
</testng-results>
