<?xml version="1.0" encoding="UTF-8"?>
<!-- Generated by org.testng.reporters.JUnitXMLReporter -->
<testsuite ignored="0" hostname="LAPTOP-INVDEND0" failures="0" tests="3" name="Default test" time="33.61" errors="0" timestamp="2023-07-30T19:10:20 IST">
  <testcase classname="Login.YahooDataDriven.TestYahoo" name="Con" time="2.183"/>
  <testcase classname="Login.YahooDataDriven.TestYahoo" name="Login" time="7.573"/>
  <testcase classname="Login.YahooDataDriven.TestYahoo" name="SC" time="19.587"/>
</testsuite> <!-- Default test -->
